{
  "stats": {
    "suites": 1,
    "tests": 4,
    "passes": 3,
    "pending": 0,
    "failures": 1,
    "start": "2022-06-07T00:19:53.910Z",
    "end": "2022-06-07T00:20:24.519Z",
    "duration": 30609,
    "testsRegistered": 4,
    "passPercent": 75,
    "pendingPercent": 0,
    "other": 0,
    "hasOther": false,
    "skipped": 0,
    "hasSkipped": false
  },
  "results": [
    {
      "uuid": "9018fd4b-5a4e-417a-a1d0-1803843854f5",
      "title": "",
      "fullFile": "cypress/integration/test/qainatel.spec.js",
      "file": "cypress/integration/test/qainatel.spec.js",
      "beforeHooks": [],
      "afterHooks": [],
      "tests": [],
      "suites": [
        {
          "uuid": "dbae4ae4-6d04-4bf2-b07b-c7dbf9fac927",
          "title": "Acessando o DemoBlaze",
          "fullFile": "",
          "file": "",
          "beforeHooks": [],
          "afterHooks": [],
          "tests": [
            {
              "title": "Buscado a aba de monitores",
              "fullTitle": "Acessando o DemoBlaze Buscado a aba de monitores",
              "timedOut": null,
              "duration": 5610,
              "state": "passed",
              "speed": "medium",
              "pass": true,
              "fail": false,
              "pending": false,
              "context": null,
              "code": "cy.visit('https://www.demoblaze.com/index.html');\ncy.wait(1000);\nbuscaMonitores();",
              "err": {},
              "uuid": "cc09f982-475f-4f46-8df4-4431c0723c70",
              "parentUUID": "dbae4ae4-6d04-4bf2-b07b-c7dbf9fac927",
              "isHook": false,
              "skipped": false
            },
            {
              "title": "Passando e voltando de tela",
              "fullTitle": "Acessando o DemoBlaze Passando e voltando de tela",
              "timedOut": null,
              "duration": 5578,
              "state": "passed",
              "speed": "medium",
              "pass": true,
              "fail": false,
              "pending": false,
              "context": null,
              "code": "cy.visit('https://www.demoblaze.com/index.html');\ncy.wait(1000);\ncy.get('#next2').click();\ncy.wait(1000);\ncy.get('#prev2').click();",
              "err": {},
              "uuid": "8b32a83c-8863-47d3-a535-29228755f5bf",
              "parentUUID": "dbae4ae4-6d04-4bf2-b07b-c7dbf9fac927",
              "isHook": false,
              "skipped": false
            },
            {
              "title": "Acessando um item da lista que nn existe",
              "fullTitle": "Acessando o DemoBlaze Acessando um item da lista que nn existe",
              "timedOut": null,
              "duration": 6622,
              "state": "failed",
              "speed": null,
              "pass": false,
              "fail": true,
              "pending": false,
              "context": null,
              "code": "cy.get('.list-group-item').eq(4).click(); //Teste negativo",
              "err": {
                "message": "AssertionError: Timed out retrying after 4000ms: Expected to find element: `4`, but never found it. Queried from element: [ <a#cat.list-group-item>, 3 more... ]",
                "estack": "AssertionError: Timed out retrying after 4000ms: Expected to find element: `4`, but never found it. Queried from element: [ <a#cat.list-group-item>, 3 more... ]\n    at Context.eval (https://www.demoblaze.com/__cypress/tests?p=cypress\\integration\\test\\qainatel.spec.js:117:32)",
                "diff": null
              },
              "uuid": "8534432f-0926-483a-92f4-c095f74e7e0c",
              "parentUUID": "dbae4ae4-6d04-4bf2-b07b-c7dbf9fac927",
              "isHook": false,
              "skipped": false
            },
            {
              "title": "Preenchendo os campos de login e voltando a tela inicial",
              "fullTitle": "Acessando o DemoBlaze Preenchendo os campos de login e voltando a tela inicial",
              "timedOut": null,
              "duration": 6488,
              "state": "passed",
              "speed": "medium",
              "pass": true,
              "fail": false,
              "pending": false,
              "context": null,
              "code": "cy.visit('https://www.demoblaze.com/index.html');\ncy.get('#login2').click();\ncy.get('#loginusername').click().type('leoteste@inate.br');\ncy.get('#loginpassword').click().type('deviaSerForms123');\ncy.visit('https://www.demoblaze.com/index.html');",
              "err": {},
              "uuid": "cb609bc7-7c79-4c39-8f15-19454e808cb6",
              "parentUUID": "dbae4ae4-6d04-4bf2-b07b-c7dbf9fac927",
              "isHook": false,
              "skipped": false
            }
          ],
          "suites": [],
          "passes": [
            "cc09f982-475f-4f46-8df4-4431c0723c70",
            "8b32a83c-8863-47d3-a535-29228755f5bf",
            "cb609bc7-7c79-4c39-8f15-19454e808cb6"
          ],
          "failures": [
            "8534432f-0926-483a-92f4-c095f74e7e0c"
          ],
          "pending": [],
          "skipped": [],
          "duration": 24298,
          "root": false,
          "rootEmpty": false,
          "_timeout": 2000
        }
      ],
      "passes": [],
      "failures": [],
      "pending": [],
      "skipped": [],
      "duration": 0,
      "root": true,
      "rootEmpty": true,
      "_timeout": 2000
    }
  ],
  "meta": {
    "mocha": {
      "version": "7.0.1"
    },
    "mochawesome": {
      "options": {
        "quiet": false,
        "reportFilename": "mochawesome",
        "saveHtml": true,
        "saveJson": true,
        "consoleReporter": "spec",
        "useInlineDiffs": false,
        "code": true
      },
      "version": "7.1.3"
    },
    "marge": {
      "options": null,
      "version": "6.2.0"
    }
  }
}